[0914/190803.467:ERROR:process_info.cc(329)] VirtualQueryEx: Access is denied. (0x5)
[0914/190803.554:ERROR:process_info.cc(556)] ReadMemoryInfo failed
[0914/190803.341:ERROR:process_reader_win.cc(123)] NtOpenThread: {Access Denied} A process has requested access to an object, but has not been granted those access rights. (0xc0000022)
[0914/190803.341:ERROR:process_reader_win.cc(123)] NtOpenThread: {Access Denied} A process has requested access to an object, but has not been granted those access rights. (0xc0000022)
[0914/190803.479:ERROR:process_reader_win.cc(123)] NtOpenThread: {Access Denied} A process has requested access to an object, but has not been granted those access rights. (0xc0000022)
[0914/190803.648:ERROR:exception_snapshot_win.cc(99)] thread ID 17724 not found in process
[0916/002208.818:ERROR:process_reader_win.cc(123)] NtOpenThread: {Access Denied} A process has requested access to an object, but has not been granted those access rights. (0xc0000022)
[0916/002208.817:ERROR:process_reader_win.cc(123)] NtOpenThread: {Access Denied} A process has requested access to an object, but has not been granted those access rights. (0xc0000022)
[0916/002208.752:ERROR:process_reader_win.cc(123)] NtOpenThread: {Access Denied} A process has requested access to an object, but has not been granted those access rights. (0xc0000022)
[0916/002208.817:ERROR:process_reader_win.cc(123)] NtOpenThread: {Access Denied} A process has requested access to an object, but has not been granted those access rights. (0xc0000022)
[0916/002208.752:ERROR:process_reader_win.cc(123)] NtOpenThread: {Access Denied} A process has requested access to an object, but has not been granted those access rights. (0xc0000022)
[0916/002208.744:ERROR:process_reader_win.cc(123)] NtOpenThread: {Access Denied} A process has requested access to an object, but has not been granted those access rights. (0xc0000022)
[0916/002209.032:ERROR:process_reader_win.cc(123)] NtOpenThread: {Access Denied} A process has requested access to an object, but has not been granted those access rights. (0xc0000022)
[0916/002208.755:ERROR:process_reader_win.cc(123)] NtOpenThread: {Access Denied} A process has requested access to an object, but has not been granted those access rights. (0xc0000022)
[0916/002209.073:ERROR:exception_snapshot_win.cc(99)] thread ID 20156 not found in process
[0916/002209.073:ERROR:scoped_process_suspend.cc(40)] NtResumeProcess: An attempt was made to access an exiting process. (0xc000010a)
[0916/002209.090:ERROR:exception_snapshot_win.cc(99)] thread ID 22096 not found in process
[0916/002209.090:ERROR:exception_snapshot_win.cc(99)] thread ID 20212 not found in process
[0916/002209.090:ERROR:exception_snapshot_win.cc(99)] thread ID 16448 not found in process
[0916/002209.090:ERROR:exception_snapshot_win.cc(99)] thread ID 8240 not found in process
[0916/002209.090:ERROR:exception_snapshot_win.cc(99)] thread ID 14544 not found in process
[0916/002209.090:ERROR:exception_snapshot_win.cc(99)] thread ID 2756 not found in process
[0916/002209.090:ERROR:exception_snapshot_win.cc(99)] thread ID 19960 not found in process
[0916/002209.090:ERROR:exception_snapshot_win.cc(99)] thread ID 22360 not found in process
